Mar 07, 2026 11:37:48 AM com.calculator.ScientificCalculator factorial
INFO: factorial called with n=0
Mar 07, 2026 11:37:48 AM com.calculator.ScientificCalculator factorial
INFO: factorial result=1
Mar 07, 2026 11:37:48 AM com.calculator.ScientificCalculator squareRoot
INFO: squareRoot called with x=0.0
Mar 07, 2026 11:37:48 AM com.calculator.ScientificCalculator squareRoot
INFO: squareRoot result=0.0
Mar 07, 2026 11:37:48 AM com.calculator.ScientificCalculator squareRoot
INFO: squareRoot called with x=16.0
Mar 07, 2026 11:37:48 AM com.calculator.ScientificCalculator squareRoot
INFO: squareRoot result=4.0
Mar 07, 2026 11:37:48 AM com.calculator.ScientificCalculator squareRoot
INFO: squareRoot called with x=-9.0
Mar 07, 2026 11:37:48 AM com.calculator.ScientificCalculator squareRoot
WARNING: squareRoot: negative input -9.0
Mar 07, 2026 11:37:48 AM com.calculator.ScientificCalculator power
INFO: power called with base=2.0, exponent=-2.0
Mar 07, 2026 11:37:48 AM com.calculator.ScientificCalculator power
INFO: power result=0.25
Mar 07, 2026 11:37:48 AM com.calculator.ScientificCalculator power
INFO: power called with base=5.0, exponent=0.0
Mar 07, 2026 11:37:48 AM com.calculator.ScientificCalculator power
INFO: power result=1.0
Mar 07, 2026 11:37:48 AM com.calculator.ScientificCalculator power
INFO: power called with base=4.0, exponent=0.5
Mar 07, 2026 11:37:48 AM com.calculator.ScientificCalculator power
INFO: power result=2.0
Mar 07, 2026 11:37:48 AM com.calculator.ScientificCalculator naturalLog
INFO: naturalLog called with x=0.0
Mar 07, 2026 11:37:48 AM com.calculator.ScientificCalculator naturalLog
WARNING: naturalLog: non-positive input 0.0
Mar 07, 2026 11:37:48 AM com.calculator.ScientificCalculator power
INFO: power called with base=2.0, exponent=3.0
Mar 07, 2026 11:37:48 AM com.calculator.ScientificCalculator power
INFO: power result=8.0
Mar 07, 2026 11:37:48 AM com.calculator.ScientificCalculator factorial
INFO: factorial called with n=21
Mar 07, 2026 11:37:48 AM com.calculator.ScientificCalculator factorial
WARNING: factorial: input too large 21
Mar 07, 2026 11:37:48 AM com.calculator.ScientificCalculator naturalLog
INFO: naturalLog called with x=-5.0
Mar 07, 2026 11:37:48 AM com.calculator.ScientificCalculator naturalLog
WARNING: naturalLog: non-positive input -5.0
Mar 07, 2026 11:37:48 AM com.calculator.ScientificCalculator naturalLog
INFO: naturalLog called with x=1.0
Mar 07, 2026 11:37:48 AM com.calculator.ScientificCalculator naturalLog
INFO: naturalLog result=0.0
Mar 07, 2026 11:37:48 AM com.calculator.ScientificCalculator naturalLog
INFO: naturalLog called with x=2.718281828459045
Mar 07, 2026 11:37:48 AM com.calculator.ScientificCalculator naturalLog
INFO: naturalLog result=1.0
Mar 07, 2026 11:37:48 AM com.calculator.ScientificCalculator factorial
INFO: factorial called with n=5
Mar 07, 2026 11:37:48 AM com.calculator.ScientificCalculator factorial
INFO: factorial result=120
Mar 07, 2026 11:37:48 AM com.calculator.ScientificCalculator factorial
INFO: factorial called with n=-1
Mar 07, 2026 11:37:48 AM com.calculator.ScientificCalculator factorial
WARNING: factorial: negative input -1
Mar 07, 2026 11:38:00 AM com.calculator.ScientificCalculator factorial
INFO: factorial called with n=0
Mar 07, 2026 11:38:00 AM com.calculator.ScientificCalculator factorial
INFO: factorial result=1
Mar 07, 2026 11:38:00 AM com.calculator.ScientificCalculator squareRoot
INFO: squareRoot called with x=0.0
Mar 07, 2026 11:38:00 AM com.calculator.ScientificCalculator squareRoot
INFO: squareRoot result=0.0
Mar 07, 2026 11:38:00 AM com.calculator.ScientificCalculator squareRoot
INFO: squareRoot called with x=16.0
Mar 07, 2026 11:38:00 AM com.calculator.ScientificCalculator squareRoot
INFO: squareRoot result=4.0
Mar 07, 2026 11:38:00 AM com.calculator.ScientificCalculator squareRoot
INFO: squareRoot called with x=-9.0
Mar 07, 2026 11:38:00 AM com.calculator.ScientificCalculator squareRoot
WARNING: squareRoot: negative input -9.0
Mar 07, 2026 11:38:00 AM com.calculator.ScientificCalculator power
INFO: power called with base=2.0, exponent=-2.0
Mar 07, 2026 11:38:00 AM com.calculator.ScientificCalculator power
INFO: power result=0.25
Mar 07, 2026 11:38:00 AM com.calculator.ScientificCalculator power
INFO: power called with base=5.0, exponent=0.0
Mar 07, 2026 11:38:00 AM com.calculator.ScientificCalculator power
INFO: power result=1.0
Mar 07, 2026 11:38:00 AM com.calculator.ScientificCalculator power
INFO: power called with base=4.0, exponent=0.5
Mar 07, 2026 11:38:00 AM com.calculator.ScientificCalculator power
INFO: power result=2.0
Mar 07, 2026 11:38:00 AM com.calculator.ScientificCalculator naturalLog
INFO: naturalLog called with x=0.0
Mar 07, 2026 11:38:00 AM com.calculator.ScientificCalculator naturalLog
WARNING: naturalLog: non-positive input 0.0
Mar 07, 2026 11:38:00 AM com.calculator.ScientificCalculator power
INFO: power called with base=2.0, exponent=3.0
Mar 07, 2026 11:38:00 AM com.calculator.ScientificCalculator power
INFO: power result=8.0
Mar 07, 2026 11:38:00 AM com.calculator.ScientificCalculator factorial
INFO: factorial called with n=21
Mar 07, 2026 11:38:00 AM com.calculator.ScientificCalculator factorial
WARNING: factorial: input too large 21
Mar 07, 2026 11:38:00 AM com.calculator.ScientificCalculator naturalLog
INFO: naturalLog called with x=-5.0
Mar 07, 2026 11:38:00 AM com.calculator.ScientificCalculator naturalLog
WARNING: naturalLog: non-positive input -5.0
Mar 07, 2026 11:38:00 AM com.calculator.ScientificCalculator naturalLog
INFO: naturalLog called with x=1.0
Mar 07, 2026 11:38:00 AM com.calculator.ScientificCalculator naturalLog
INFO: naturalLog result=0.0
Mar 07, 2026 11:38:00 AM com.calculator.ScientificCalculator naturalLog
INFO: naturalLog called with x=2.718281828459045
Mar 07, 2026 11:38:00 AM com.calculator.ScientificCalculator naturalLog
INFO: naturalLog result=1.0
Mar 07, 2026 11:38:00 AM com.calculator.ScientificCalculator factorial
INFO: factorial called with n=5
Mar 07, 2026 11:38:00 AM com.calculator.ScientificCalculator factorial
INFO: factorial result=120
Mar 07, 2026 11:38:00 AM com.calculator.ScientificCalculator factorial
INFO: factorial called with n=-1
Mar 07, 2026 11:38:00 AM com.calculator.ScientificCalculator factorial
WARNING: factorial: negative input -1
Mar 07, 2026 11:38:41 AM com.calculator.ScientificCalculator squareRoot
INFO: squareRoot called with x=4.0
Mar 07, 2026 11:38:41 AM com.calculator.ScientificCalculator squareRoot
INFO: squareRoot result=2.0
Mar 07, 2026 11:38:50 AM com.calculator.ScientificCalculator factorial
INFO: factorial called with n=5
Mar 07, 2026 11:38:50 AM com.calculator.ScientificCalculator factorial
INFO: factorial result=120
Mar 07, 2026 11:38:59 AM com.calculator.ScientificCalculator naturalLog
INFO: naturalLog called with x=1.0
Mar 07, 2026 11:38:59 AM com.calculator.ScientificCalculator naturalLog
INFO: naturalLog result=0.0
Mar 07, 2026 11:39:06 AM com.calculator.ScientificCalculator power
INFO: power called with base=4.0, exponent=3.0
Mar 07, 2026 11:39:06 AM com.calculator.ScientificCalculator power
INFO: power result=64.0
